<?xml version="1.0" encoding="UTF-8"?>
<!-- Generated by org.testng.reporters.JUnitReportReporter -->
<testsuite skipped="0" hostname="LAPTOP-E9E0V4OP" name="qaclickacademy.Mavenjava.RESTAPITest" tests="2" failures="0" timestamp="2021-08-21T18:44:06 IST" time="0.002" errors="0">
  <testcase name="deleteTwitter" time="0.002" classname="qaclickacademy.Mavenjava.RESTAPITest"/>
  <system-out/>
  <testcase name="postJira" time="0.000" classname="qaclickacademy.Mavenjava.RESTAPITest"/>
  <system-out/>
</testsuite> <!-- qaclickacademy.Mavenjava.RESTAPITest -->
